#
# There is insufficient memory for the Java Runtime Environment to continue.
# Native memory allocation (malloc) failed to allocate 2283216 bytes for Chunk::new
# Possible reasons:
#   The system is out of physical RAM or swap space
#   The process is running with CompressedOops enabled, and the Java Heap may be blocking the growth of the native heap
# Possible solutions:
#   Reduce memory load on the system
#   Increase physical memory or swap space
#   Check if swap backing store is full
#   Decrease Java heap size (-Xmx/-Xms)
#   Decrease number of Java threads
#   Decrease Java thread stack sizes (-Xss)
#   Set larger code cache with -XX:ReservedCodeCacheSize=
#   JVM is running with Zero Based Compressed Oops mode in which the Java heap is
#     placed in the first 32GB address space. The Java Heap base address is the
#     maximum limit for the native heap growth. Please use -XX:HeapBaseMinAddress
#     to set the Java Heap base and to place the Java Heap above 32GB virtual address.
# This output file may be truncated or incomplete.
#
#  Out of Memory Error (./open/src/hotspot/share/memory/arena.cpp:197), pid=5000, tid=24036
#
# JRE version: Java(TM) SE Runtime Environment 18.9 (11.0.12+8) (build 11.0.12+8-LTS-237)
# Java VM: Java HotSpot(TM) 64-Bit Server VM 18.9 (11.0.12+8-LTS-237, mixed mode, tiered, compressed oops, g1 gc, windows-amd64)
# No core dump will be written. Minidumps are not enabled by default on client versions of Windows
#

---------------  S U M M A R Y ------------

Command Line: -javaagent:D:\aInstalacoes\IntelliJ IDEA Community Edition 2021.2.3\lib\idea_rt.jar=52827:D:\aInstalacoes\IntelliJ IDEA Community Edition 2021.2.3\bin -Dfile.encoding=UTF-8 com.carro.versaocarro.VersaocarroApplication

Host: Intel(R) Core(TM) i7-8565U CPU @ 1.80GHz, 8 cores, 15G,  Windows 10 , 64 bit Build 22621 (10.0.22621.1105)
Time: Thu Jan 26 19:18:03 2023 Hora Padrão de Buenos Aires elapsed time: 5.055989 seconds (0d 0h 0m 5s)

---------------  T H R E A D  ---------------

Current thread (0x000001e8b30d6800):  JavaThread "C2 CompilerThread0" daemon [_thread_in_native, id=24036, stack(0x0000009c28a00000,0x0000009c28b00000)]


Current CompileTask:
C2:   5056 3013   !   4       jdk.internal.loader.BuiltinClassLoader::loadClassOrNull (143 bytes)

Stack: [0x0000009c28a00000,0x0000009c28b00000]
Native frames: (J=compiled Java code, j=interpreted, Vv=VM code, C=native code)
V  [jvm.dll+0x617d9a]
V  [jvm.dll+0x74eeef]
V  [jvm.dll+0x750599]
V  [jvm.dll+0x750c23]
V  [jvm.dll+0x2438d8]
V  [jvm.dll+0xba6dc]
V  [jvm.dll+0xbac9c]
V  [jvm.dll+0x346972]
V  [jvm.dll+0x3147a3]
V  [jvm.dll+0x313aea]
V  [jvm.dll+0x1fd105]
V  [jvm.dll+0x1fc2ed]
V  [jvm.dll+0x17f18c]
V  [jvm.dll+0x20b87c]
V  [jvm.dll+0x20997b]
V  [jvm.dll+0x716359]
V  [jvm.dll+0x70f064]
V  [jvm.dll+0x616f66]
C  [ucrtbase.dll+0x29363]
C  [KERNEL32.DLL+0x126bd]
C  [ntdll.dll+0x5dfb8]


---------------  P R O C E S S  ---------------

Threads class SMR info:
_java_thread_list=0x000001e8b48287c0, length=14, elements={
0x000001e88ee4b800, 0x000001e8b27c9000, 0x000001e8b27ca800, 0x000001e8b30ce800,
0x000001e8b30cf800, 0x000001e8b30d1000, 0x000001e8b30d6800, 0x000001e8b30db800,
0x000001e8b30df000, 0x000001e8b2786000, 0x000001e8b37c6800, 0x000001e8b39c7000,
0x000001e8b4030000, 0x000001e8b3276800
}

Java Threads: ( => current thread )
  0x000001e88ee4b800 JavaThread "main" [_thread_blocked, id=8776, stack(0x0000009c27e00000,0x0000009c27f00000)]
  0x000001e8b27c9000 JavaThread "Reference Handler" daemon [_thread_blocked, id=20176, stack(0x0000009c28500000,0x0000009c28600000)]
  0x000001e8b27ca800 JavaThread "Finalizer" daemon [_thread_blocked, id=12788, stack(0x0000009c28600000,0x0000009c28700000)]
  0x000001e8b30ce800 JavaThread "Signal Dispatcher" daemon [_thread_blocked, id=2672, stack(0x0000009c28700000,0x0000009c28800000)]
  0x000001e8b30cf800 JavaThread "Attach Listener" daemon [_thread_blocked, id=27072, stack(0x0000009c28800000,0x0000009c28900000)]
  0x000001e8b30d1000 JavaThread "Service Thread" daemon [_thread_blocked, id=27676, stack(0x0000009c28900000,0x0000009c28a00000)]
=>0x000001e8b30d6800 JavaThread "C2 CompilerThread0" daemon [_thread_in_native, id=24036, stack(0x0000009c28a00000,0x0000009c28b00000)]
  0x000001e8b30db800 JavaThread "C1 CompilerThread0" daemon [_thread_blocked, id=2280, stack(0x0000009c28b00000,0x0000009c28c00000)]
  0x000001e8b30df000 JavaThread "Sweeper thread" daemon [_thread_blocked, id=10824, stack(0x0000009c28c00000,0x0000009c28d00000)]
  0x000001e8b2786000 JavaThread "Common-Cleaner" daemon [_thread_blocked, id=32560, stack(0x0000009c28d00000,0x0000009c28e00000)]
  0x000001e8b37c6800 JavaThread "Monitor Ctrl-Break" daemon [_thread_in_native, id=30068, stack(0x0000009c28f00000,0x0000009c29000000)]
  0x000001e8b39c7000 JavaThread "Thread-0" [_thread_blocked, id=16564, stack(0x0000009c29100000,0x0000009c29200000)]
  0x000001e8b4030000 JavaThread "restartedMain" [_thread_in_vm, id=24480, stack(0x0000009c29200000,0x0000009c29300000)]
  0x000001e8b3276800 JavaThread "C2 CompilerThread1" daemon [_thread_in_native, id=29292, stack(0x0000009c28e00000,0x0000009c28f00000)]

Other Threads:
  0x000001e8b27c4800 VMThread "VM Thread" [stack: 0x0000009c28400000,0x0000009c28500000] [id=26832]
  0x000001e8b3600800 WatcherThread [stack: 0x0000009c29000000,0x0000009c29100000] [id=30604]
  0x000001e88ee60800 GCTaskThread "GC Thread#0" [stack: 0x0000009c27f00000,0x0000009c28000000] [id=32832]
  0x000001e8b40b5800 GCTaskThread "GC Thread#1" [stack: 0x0000009c29300000,0x0000009c29400000] [id=26104]
  0x000001e8b40a5800 GCTaskThread "GC Thread#2" [stack: 0x0000009c29400000,0x0000009c29500000] [id=17096]
  0x000001e8b4093800 GCTaskThread "GC Thread#3" [stack: 0x0000009c29500000,0x0000009c29600000] [id=22124]
  0x000001e8b4094800 GCTaskThread "GC Thread#4" [stack: 0x0000009c29600000,0x0000009c29700000] [id=23452]
  0x000001e8b404d000 GCTaskThread "GC Thread#5" [stack: 0x0000009c29700000,0x0000009c29800000] [id=32048]
  0x000001e8b43dc800 GCTaskThread "GC Thread#6" [stack: 0x0000009c29900000,0x0000009c29a00000] [id=8016]
  0x000001e8b43b2000 GCTaskThread "GC Thread#7" [stack: 0x0000009c29a00000,0x0000009c29b00000] [id=9684]
  0x000001e88eebe000 ConcurrentGCThread "G1 Main Marker" [stack: 0x0000009c28000000,0x0000009c28100000] [id=28508]
  0x000001e88eec0000 ConcurrentGCThread "G1 Conc#0" [stack: 0x0000009c28100000,0x0000009c28200000] [id=23844]
  0x000001e8b416c000 ConcurrentGCThread "G1 Conc#1" [stack: 0x0000009c29b00000,0x0000009c29c00000] [id=13600]
  0x000001e8b26b0800 ConcurrentGCThread "G1 Refine#0" [stack: 0x0000009c28200000,0x0000009c28300000] [id=12508]
  0x000001e8b26b3800 ConcurrentGCThread "G1 Young RemSet Sampling" [stack: 0x0000009c28300000,0x0000009c28400000] [id=30552]

Threads with active compile tasks:
C2 CompilerThread0   5217 3013   !   4       jdk.internal.loader.BuiltinClassLoader::loadClassOrNull (143 bytes)
C2 CompilerThread1   5217 3107 %     4       sun.security.provider.SHA::implCompress0 @ 3 (482 bytes)

VM state:not at safepoint (normal execution)

VM Mutex/Monitor currently owned by a thread: None

Heap address: 0x0000000703400000, size: 4044 MB, Compressed Oops mode: Zero based, Oop shift amount: 3
Narrow klass base: 0x0000000800000000, Narrow klass shift: 0
Compressed class space size: 1073741824 Address: 0x0000000800000000

Heap:
 garbage-first heap   total 260096K, used 50531K [0x0000000703400000, 0x0000000800000000)
  region size 1024K, 47 young (48128K), 4 survivors (4096K)
 Metaspace       used 32795K, capacity 33811K, committed 33920K, reserved 1079296K
  class space    used 3777K, capacity 4170K, committed 4224K, reserved 1048576K
Heap Regions: E=young(eden), S=young(survivor), O=old, HS=humongous(starts), HC=humongous(continues), CS=collection set, F=free, A=archive, TAMS=top-at-mark-start (previous, next)
|   0|0x0000000703400000, 0x0000000703500000, 0x0000000703500000|100%| O|  |TAMS 0x00000007034f2200, 0x0000000703400000| Untracked 
|   1|0x0000000703500000, 0x0000000703600000, 0x0000000703600000|100%| O|  |TAMS 0x0000000703500000, 0x0000000703500000| Untracked 
|   2|0x0000000703600000, 0x0000000703700000, 0x0000000703700000|100%| O|  |TAMS 0x0000000703600000, 0x0000000703600000| Untracked 
|   3|0x0000000703700000, 0x00000007037db200, 0x0000000703800000| 85%| O|  |TAMS 0x0000000703700000, 0x0000000703700000| Untracked 
|   4|0x0000000703800000, 0x0000000703800000, 0x0000000703900000|  0%| F|  |TAMS 0x0000000703800000, 0x0000000703800000| Untracked 
|   5|0x0000000703900000, 0x0000000703900000, 0x0000000703a00000|  0%| F|  |TAMS 0x0000000703900000, 0x0000000703900000| Untracked 
|   6|0x0000000703a00000, 0x0000000703a00000, 0x0000000703b00000|  0%| F|  |TAMS 0x0000000703a00000, 0x0000000703a00000| Untracked 
|   7|0x0000000703b00000, 0x0000000703b00000, 0x0000000703c00000|  0%| F|  |TAMS 0x0000000703b00000, 0x0000000703b00000| Untracked 
|   8|0x0000000703c00000, 0x0000000703c00000, 0x0000000703d00000|  0%| F|  |TAMS 0x0000000703c00000, 0x0000000703c00000| Untracked 
|   9|0x0000000703d00000, 0x0000000703d00000, 0x0000000703e00000|  0%| F|  |TAMS 0x0000000703d00000, 0x0000000703d00000| Untracked 
|  10|0x0000000703e00000, 0x0000000703e00000, 0x0000000703f00000|  0%| F|  |TAMS 0x0000000703e00000, 0x0000000703e00000| Untracked 
|  11|0x0000000703f00000, 0x0000000703f00000, 0x0000000704000000|  0%| F|  |TAMS 0x0000000703f00000, 0x0000000703f00000| Untracked 
|  12|0x0000000704000000, 0x0000000704000000, 0x0000000704100000|  0%| F|  |TAMS 0x0000000704000000, 0x0000000704000000| Untracked 
|  13|0x0000000704100000, 0x0000000704100000, 0x0000000704200000|  0%| F|  |TAMS 0x0000000704100000, 0x0000000704100000| Untracked 
|  14|0x0000000704200000, 0x0000000704200000, 0x0000000704300000|  0%| F|  |TAMS 0x0000000704200000, 0x0000000704200000| Untracked 
|  15|0x0000000704300000, 0x0000000704300000, 0x0000000704400000|  0%| F|  |TAMS 0x0000000704300000, 0x0000000704300000| Untracked 
|  16|0x0000000704400000, 0x0000000704400000, 0x0000000704500000|  0%| F|  |TAMS 0x0000000704400000, 0x0000000704400000| Untracked 
|  17|0x0000000704500000, 0x0000000704500000, 0x0000000704600000|  0%| F|  |TAMS 0x0000000704500000, 0x0000000704500000| Untracked 
|  18|0x0000000704600000, 0x0000000704600000, 0x0000000704700000|  0%| F|  |TAMS 0x0000000704600000, 0x0000000704600000| Untracked 
|  19|0x0000000704700000, 0x0000000704700000, 0x0000000704800000|  0%| F|  |TAMS 0x0000000704700000, 0x0000000704700000| Untracked 
|  20|0x0000000704800000, 0x0000000704800000, 0x0000000704900000|  0%| F|  |TAMS 0x0000000704800000, 0x0000000704800000| Untracked 
|  21|0x0000000704900000, 0x0000000704900000, 0x0000000704a00000|  0%| F|  |TAMS 0x0000000704900000, 0x0000000704900000| Untracked 
|  22|0x0000000704a00000, 0x0000000704a00000, 0x0000000704b00000|  0%| F|  |TAMS 0x0000000704a00000, 0x0000000704a00000| Untracked 
|  23|0x0000000704b00000, 0x0000000704b00000, 0x0000000704c00000|  0%| F|  |TAMS 0x0000000704b00000, 0x0000000704b00000| Untracked 
|  24|0x0000000704c00000, 0x0000000704c00000, 0x0000000704d00000|  0%| F|  |TAMS 0x0000000704c00000, 0x0000000704c00000| Untracked 
|  25|0x0000000704d00000, 0x0000000704d00000, 0x0000000704e00000|  0%| F|  |TAMS 0x0000000704d00000, 0x0000000704d00000| Untracked 
|  26|0x0000000704e00000, 0x0000000704e00000, 0x0000000704f00000|  0%| F|  |TAMS 0x0000000704e00000, 0x0000000704e00000| Untracked 
|  27|0x0000000704f00000, 0x0000000704f00000, 0x0000000705000000|  0%| F|  |TAMS 0x0000000704f00000, 0x0000000704f00000| Untracked 
|  28|0x0000000705000000, 0x0000000705000000, 0x0000000705100000|  0%| F|  |TAMS 0x0000000705000000, 0x0000000705000000| Untracked 
|  29|0x0000000705100000, 0x0000000705100000, 0x0000000705200000|  0%| F|  |TAMS 0x0000000705100000, 0x0000000705100000| Untracked 
|  30|0x0000000705200000, 0x0000000705200000, 0x0000000705300000|  0%| F|  |TAMS 0x0000000705200000, 0x0000000705200000| Untracked 
|  31|0x0000000705300000, 0x0000000705300000, 0x0000000705400000|  0%| F|  |TAMS 0x0000000705300000, 0x0000000705300000| Untracked 
|  32|0x0000000705400000, 0x0000000705400000, 0x0000000705500000|  0%| F|  |TAMS 0x0000000705400000, 0x0000000705400000| Untracked 
|  33|0x0000000705500000, 0x0000000705500000, 0x0000000705600000|  0%| F|  |TAMS 0x0000000705500000, 0x0000000705500000| Untracked 
|  34|0x0000000705600000, 0x0000000705600000, 0x0000000705700000|  0%| F|  |TAMS 0x0000000705600000, 0x0000000705600000| Untracked 
|  35|0x0000000705700000, 0x0000000705700000, 0x0000000705800000|  0%| F|  |TAMS 0x0000000705700000, 0x0000000705700000| Untracked 
|  36|0x0000000705800000, 0x0000000705800000, 0x0000000705900000|  0%| F|  |TAMS 0x0000000705800000, 0x0000000705800000| Untracked 
|  37|0x0000000705900000, 0x0000000705900000, 0x0000000705a00000|  0%| F|  |TAMS 0x0000000705900000, 0x0000000705900000| Untracked 
|  38|0x0000000705a00000, 0x0000000705a00000, 0x0000000705b00000|  0%| F|  |TAMS 0x0000000705a00000, 0x0000000705a00000| Untracked 
|  39|0x0000000705b00000, 0x0000000705b00000, 0x0000000705c00000|  0%| F|  |TAMS 0x0000000705b00000, 0x0000000705b00000| Untracked 
|  40|0x0000000705c00000, 0x0000000705c00000, 0x0000000705d00000|  0%| F|  |TAMS 0x0000000705c00000, 0x0000000705c00000| Untracked 
|  41|0x0000000705d00000, 0x0000000705d00000, 0x0000000705e00000|  0%| F|  |TAMS 0x0000000705d00000, 0x0000000705d00000| Untracked 
|  42|0x0000000705e00000, 0x0000000705e00000, 0x0000000705f00000|  0%| F|  |TAMS 0x0000000705e00000, 0x0000000705e00000| Untracked 
|  43|0x0000000705f00000, 0x0000000705f00000, 0x0000000706000000|  0%| F|  |TAMS 0x0000000705f00000, 0x0000000705f00000| Untracked 
|  44|0x0000000706000000, 0x0000000706000000, 0x0000000706100000|  0%| F|  |TAMS 0x0000000706000000, 0x0000000706000000| Untracked 
|  45|0x0000000706100000, 0x0000000706100000, 0x0000000706200000|  0%| F|  |TAMS 0x0000000706100000, 0x0000000706100000| Untracked 
|  46|0x0000000706200000, 0x0000000706200000, 0x0000000706300000|  0%| F|  |TAMS 0x0000000706200000, 0x0000000706200000| Untracked 
|  47|0x0000000706300000, 0x0000000706300000, 0x0000000706400000|  0%| F|  |TAMS 0x0000000706300000, 0x0000000706300000| Untracked 
|  48|0x0000000706400000, 0x0000000706400000, 0x0000000706500000|  0%| F|  |TAMS 0x0000000706400000, 0x0000000706400000| Untracked 
|  49|0x0000000706500000, 0x0000000706500000, 0x0000000706600000|  0%| F|  |TAMS 0x0000000706500000, 0x0000000706500000| Untracked 
|  50|0x0000000706600000, 0x0000000706600000, 0x0000000706700000|  0%| F|  |TAMS 0x0000000706600000, 0x0000000706600000| Untracked 
|  51|0x0000000706700000, 0x0000000706700000, 0x0000000706800000|  0%| F|  |TAMS 0x0000000706700000, 0x0000000706700000| Untracked 
|  52|0x0000000706800000, 0x0000000706800000, 0x0000000706900000|  0%| F|  |TAMS 0x0000000706800000, 0x0000000706800000| Untracked 
|  53|0x0000000706900000, 0x0000000706900000, 0x0000000706a00000|  0%| F|  |TAMS 0x0000000706900000, 0x0000000706900000| Untracked 
|  54|0x0000000706a00000, 0x0000000706a00000, 0x0000000706b00000|  0%| F|  |TAMS 0x0000000706a00000, 0x0000000706a00000| Untracked 
|  55|0x0000000706b00000, 0x0000000706b00000, 0x0000000706c00000|  0%| F|  |TAMS 0x0000000706b00000, 0x0000000706b00000| Untracked 
|  56|0x0000000706c00000, 0x0000000706c00000, 0x0000000706d00000|  0%| F|  |TAMS 0x0000000706c00000, 0x0000000706c00000| Untracked 
|  57|0x0000000706d00000, 0x0000000706d00000, 0x0000000706e00000|  0%| F|  |TAMS 0x0000000706d00000, 0x0000000706d00000| Untracked 
|  58|0x0000000706e00000, 0x0000000706e00000, 0x0000000706f00000|  0%| F|  |TAMS 0x0000000706e00000, 0x0000000706e00000| Untracked 
|  59|0x0000000706f00000, 0x0000000706f00000, 0x0000000707000000|  0%| F|  |TAMS 0x0000000706f00000, 0x0000000706f00000| Untracked 
|  60|0x0000000707000000, 0x0000000707000000, 0x0000000707100000|  0%| F|  |TAMS 0x0000000707000000, 0x0000000707000000| Untracked 
|  61|0x0000000707100000, 0x0000000707100000, 0x0000000707200000|  0%| F|  |TAMS 0x0000000707100000, 0x0000000707100000| Untracked 
|  62|0x0000000707200000, 0x0000000707200000, 0x0000000707300000|  0%| F|  |TAMS 0x0000000707200000, 0x0000000707200000| Untracked 
|  63|0x0000000707300000, 0x0000000707300000, 0x0000000707400000|  0%| F|  |TAMS 0x0000000707300000, 0x0000000707300000| Untracked 
|  64|0x0000000707400000, 0x0000000707400000, 0x0000000707500000|  0%| F|  |TAMS 0x0000000707400000, 0x0000000707400000| Untracked 
|  65|0x0000000707500000, 0x0000000707500000, 0x0000000707600000|  0%| F|  |TAMS 0x0000000707500000, 0x0000000707500000| Untracked 
|  66|0x0000000707600000, 0x0000000707600000, 0x0000000707700000|  0%| F|  |TAMS 0x0000000707600000, 0x0000000707600000| Untracked 
|  67|0x0000000707700000, 0x0000000707700000, 0x0000000707800000|  0%| F|  |TAMS 0x0000000707700000, 0x0000000707700000| Untracked 
|  68|0x0000000707800000, 0x0000000707800000, 0x0000000707900000|  0%| F|  |TAMS 0x0000000707800000, 0x0000000707800000| Untracked 
|  69|0x0000000707900000, 0x0000000707900000, 0x0000000707a00000|  0%| F|  |TAMS 0x0000000707900000, 0x0000000707900000| Untracked 
|  70|0x0000000707a00000, 0x0000000707a00000, 0x0000000707b00000|  0%| F|  |TAMS 0x0000000707a00000, 0x0000000707a00000| Untracked 
|  71|0x0000000707b00000, 0x0000000707b00000, 0x0000000707c00000|  0%| F|  |TAMS 0x0000000707b00000, 0x0000000707b00000| Untracked 
|  72|0x0000000707c00000, 0x0000000707c00000, 0x0000000707d00000|  0%| F|  |TAMS 0x0000000707c00000, 0x0000000707c00000| Untracked 
|  73|0x0000000707d00000, 0x0000000707d00000, 0x0000000707e00000|  0%| F|  |TAMS 0x0000000707d00000, 0x0000000707d00000| Untracked 
|  74|0x0000000707e00000, 0x0000000707e00000, 0x0000000707f00000|  0%| F|  |TAMS 0x0000000707e00000, 0x0000000707e00000| Untracked 
|  75|0x0000000707f00000, 0x0000000707f00000, 0x0000000708000000|  0%| F|  |TAMS 0x0000000707f00000, 0x0000000707f00000| Untracked 
|  76|0x0000000708000000, 0x0000000708000000, 0x0000000708100000|  0%| F|  |TAMS 0x0000000708000000, 0x0000000708000000| Untracked 
|  77|0x0000000708100000, 0x0000000708100000, 0x0000000708200000|  0%| F|  |TAMS 0x0000000708100000, 0x0000000708100000| Untracked 
|  78|0x0000000708200000, 0x0000000708200000, 0x0000000708300000|  0%| F|  |TAMS 0x0000000708200000, 0x0000000708200000| Untracked 
|  79|0x0000000708300000, 0x0000000708300000, 0x0000000708400000|  0%| F|  |TAMS 0x0000000708300000, 0x0000000708300000| Untracked 
|  80|0x0000000708400000, 0x0000000708400000, 0x0000000708500000|  0%| F|  |TAMS 0x0000000708400000, 0x0000000708400000| Untracked 
|  81|0x0000000708500000, 0x0000000708500000, 0x0000000708600000|  0%| F|  |TAMS 0x0000000708500000, 0x0000000708500000| Untracked 
|  82|0x0000000708600000, 0x0000000708600000, 0x0000000708700000|  0%| F|  |TAMS 0x0000000708600000, 0x0000000708600000| Untracked 
|  83|0x0000000708700000, 0x0000000708700000, 0x0000000708800000|  0%| F|  |TAMS 0x0000000708700000, 0x0000000708700000| Untracked 
|  84|0x0000000708800000, 0x0000000708800000, 0x0000000708900000|  0%| F|  |TAMS 0x0000000708800000, 0x0000000708800000| Untracked 
|  85|0x0000000708900000, 0x0000000708900000, 0x0000000708a00000|  0%| F|  |TAMS 0x0000000708900000, 0x0000000708900000| Untracked 
|  86|0x0000000708a00000, 0x0000000708a00000, 0x0000000708b00000|  0%| F|  |TAMS 0x0000000708a00000, 0x0000000708a00000| Untracked 
|  87|0x0000000708b00000, 0x0000000708b00000, 0x0000000708c00000|  0%| F|  |TAMS 0x0000000708b00000, 0x0000000708b00000| Untracked 
|  88|0x0000000708c00000, 0x0000000708c00000, 0x0000000708d00000|  0%| F|  |TAMS 0x0000000708c00000, 0x0000000708c00000| Untracked 
|  89|0x0000000708d00000, 0x0000000708d00000, 0x0000000708e00000|  0%| F|  |TAMS 0x0000000708d00000, 0x0000000708d00000| Untracked 
|  90|0x0000000708e00000, 0x0000000708e00000, 0x0000000708f00000|  0%| F|  |TAMS 0x0000000708e00000, 0x0000000708e00000| Untracked 
|  91|0x0000000708f00000, 0x0000000708f00000, 0x0000000709000000|  0%| F|  |TAMS 0x0000000708f00000, 0x0000000708f00000| Untracked 
|  92|0x0000000709000000, 0x0000000709000000, 0x0000000709100000|  0%| F|  |TAMS 0x0000000709000000, 0x0000000709000000| Untracked 
|  93|0x0000000709100000, 0x0000000709100000, 0x0000000709200000|  0%| F|  |TAMS 0x0000000709100000, 0x0000000709100000| Untracked 
|  94|0x0000000709200000, 0x0000000709200000, 0x0000000709300000|  0%| F|  |TAMS 0x0000000709200000, 0x0000000709200000| Untracked 
|  95|0x0000000709300000, 0x0000000709300000, 0x0000000709400000|  0%| F|  |TAMS 0x0000000709300000, 0x0000000709300000| Untracked 
|  96|0x0000000709400000, 0x0000000709400000, 0x0000000709500000|  0%| F|  |TAMS 0x0000000709400000, 0x0000000709400000| Untracked 
|  97|0x0000000709500000, 0x0000000709500000, 0x0000000709600000|  0%| F|  |TAMS 0x0000000709500000, 0x0000000709500000| Untracked 
|  98|0x0000000709600000, 0x0000000709600000, 0x0000000709700000|  0%| F|  |TAMS 0x0000000709600000, 0x0000000709600000| Untracked 
|  99|0x0000000709700000, 0x0000000709700000, 0x0000000709800000|  0%| F|  |TAMS 0x0000000709700000, 0x0000000709700000| Untracked 
| 100|0x0000000709800000, 0x0000000709800000, 0x0000000709900000|  0%| F|  |TAMS 0x0000000709800000, 0x0000000709800000| Untracked 
| 101|0x0000000709900000, 0x0000000709900000, 0x0000000709a00000|  0%| F|  |TAMS 0x0000000709900000, 0x0000000709900000| Untracked 
| 102|0x0000000709a00000, 0x0000000709a00000, 0x0000000709b00000|  0%| F|  |TAMS 0x0000000709a00000, 0x0000000709a00000| Untracked 
| 103|0x0000000709b00000, 0x0000000709b00000, 0x0000000709c00000|  0%| F|  |TAMS 0x0000000709b00000, 0x0000000709b00000| Untracked 
| 104|0x0000000709c00000, 0x0000000709c00000, 0x0000000709d00000|  0%| F|  |TAMS 0x0000000709c00000, 0x0000000709c00000| Untracked 
| 105|0x0000000709d00000, 0x0000000709d00000, 0x0000000709e00000|  0%| F|  |TAMS 0x0000000709d00000, 0x0000000709d00000| Untracked 
| 106|0x0000000709e00000, 0x0000000709e00000, 0x0000000709f00000|  0%| F|  |TAMS 0x0000000709e00000, 0x0000000709e00000| Untracked 
| 107|0x0000000709f00000, 0x0000000709f00000, 0x000000070a000000|  0%| F|  |TAMS 0x0000000709f00000, 0x0000000709f00000| Untracked 
| 108|0x000000070a000000, 0x000000070a000000, 0x000000070a100000|  0%| F|  |TAMS 0x000000070a000000, 0x000000070a000000| Untracked 
| 109|0x000000070a100000, 0x000000070a100000, 0x000000070a200000|  0%| F|  |TAMS 0x000000070a100000, 0x000000070a100000| Untracked 
| 110|0x000000070a200000, 0x000000070a200000, 0x000000070a300000|  0%| F|  |TAMS 0x000000070a200000, 0x000000070a200000| Untracked 
| 111|0x000000070a300000, 0x000000070a300000, 0x000000070a400000|  0%| F|  |TAMS 0x000000070a300000, 0x000000070a300000| Untracked 
| 112|0x000000070a400000, 0x000000070a400000, 0x000000070a500000|  0%| F|  |TAMS 0x000000070a400000, 0x000000070a400000| Untracked 
| 113|0x000000070a500000, 0x000000070a500000, 0x000000070a600000|  0%| F|  |TAMS 0x000000070a500000, 0x000000070a500000| Untracked 
| 114|0x000000070a600000, 0x000000070a600000, 0x000000070a700000|  0%| F|  |TAMS 0x000000070a600000, 0x000000070a600000| Untracked 
| 115|0x000000070a700000, 0x000000070a700000, 0x000000070a800000|  0%| F|  |TAMS 0x000000070a700000, 0x000000070a700000| Untracked 
| 116|0x000000070a800000, 0x000000070a800000, 0x000000070a900000|  0%| F|  |TAMS 0x000000070a800000, 0x000000070a800000| Untracked 
| 117|0x000000070a900000, 0x000000070a900000, 0x000000070aa00000|  0%| F|  |TAMS 0x000000070a900000, 0x000000070a900000| Untracked 
| 118|0x000000070aa00000, 0x000000070aa00000, 0x000000070ab00000|  0%| F|  |TAMS 0x000000070aa00000, 0x000000070aa00000| Untracked 
| 119|0x000000070ab00000, 0x000000070ab00000, 0x000000070ac00000|  0%| F|  |TAMS 0x000000070ab00000, 0x000000070ab00000| Untracked 
| 120|0x000000070ac00000, 0x000000070ac00000, 0x000000070ad00000|  0%| F|  |TAMS 0x000000070ac00000, 0x000000070ac00000| Untracked 
| 121|0x000000070ad00000, 0x000000070ad00000, 0x000000070ae00000|  0%| F|  |TAMS 0x000000070ad00000, 0x000000070ad00000| Untracked 
| 122|0x000000070ae00000, 0x000000070ae00000, 0x000000070af00000|  0%| F|  |TAMS 0x000000070ae00000, 0x000000070ae00000| Untracked 
| 123|0x000000070af00000, 0x000000070af00000, 0x000000070b000000|  0%| F|  |TAMS 0x000000070af00000, 0x000000070af00000| Untracked 
| 124|0x000000070b000000, 0x000000070b000000, 0x000000070b100000|  0%| F|  |TAMS 0x000000070b000000, 0x000000070b000000| Untracked 
| 125|0x000000070b100000, 0x000000070b100000, 0x000000070b200000|  0%| F|  |TAMS 0x000000070b100000, 0x000000070b100000| Untracked 
| 126|0x000000070b200000, 0x000000070b200000, 0x000000070b300000|  0%| F|  |TAMS 0x000000070b200000, 0x000000070b200000| Untracked 
| 127|0x000000070b300000, 0x000000070b300000, 0x000000070b400000|  0%| F|  |TAMS 0x000000070b300000, 0x000000070b300000| Untracked 
| 128|0x000000070b400000, 0x000000070b400000, 0x000000070b500000|  0%| F|  |TAMS 0x000000070b400000, 0x000000070b400000| Untracked 
| 129|0x000000070b500000, 0x000000070b500000, 0x000000070b600000|  0%| F|  |TAMS 0x000000070b500000, 0x000000070b500000| Untracked 
| 130|0x000000070b600000, 0x000000070b600000, 0x000000070b700000|  0%| F|  |TAMS 0x000000070b600000, 0x000000070b600000| Untracked 
| 131|0x000000070b700000, 0x000000070b700000, 0x000000070b800000|  0%| F|  |TAMS 0x000000070b700000, 0x000000070b700000| Untracked 
| 132|0x000000070b800000, 0x000000070b800000, 0x000000070b900000|  0%| F|  |TAMS 0x000000070b800000, 0x000000070b800000| Untracked 
| 133|0x000000070b900000, 0x000000070b900000, 0x000000070ba00000|  0%| F|  |TAMS 0x000000070b900000, 0x000000070b900000| Untracked 
| 134|0x000000070ba00000, 0x000000070ba00000, 0x000000070bb00000|  0%| F|  |TAMS 0x000000070ba00000, 0x000000070ba00000| Untracked 
| 135|0x000000070bb00000, 0x000000070bb00000, 0x000000070bc00000|  0%| F|  |TAMS 0x000000070bb00000, 0x000000070bb00000| Untracked 
| 136|0x000000070bc00000, 0x000000070bc00000, 0x000000070bd00000|  0%| F|  |TAMS 0x000000070bc00000, 0x000000070bc00000| Untracked 
| 137|0x000000070bd00000, 0x000000070bd00000, 0x000000070be00000|  0%| F|  |TAMS 0x000000070bd00000, 0x000000070bd00000| Untracked 
| 138|0x000000070be00000, 0x000000070be00000, 0x000000070bf00000|  0%| F|  |TAMS 0x000000070be00000, 0x000000070be00000| Untracked 
| 139|0x000000070bf00000, 0x000000070bf00000, 0x000000070c000000|  0%| F|  |TAMS 0x000000070bf00000, 0x000000070bf00000| Untracked 
| 140|0x000000070c000000, 0x000000070c000000, 0x000000070c100000|  0%| F|  |TAMS 0x000000070c000000, 0x000000070c000000| Untracked 
| 141|0x000000070c100000, 0x000000070c100000, 0x000000070c200000|  0%| F|  |TAMS 0x000000070c100000, 0x000000070c100000| Untracked 
| 142|0x000000070c200000, 0x000000070c200000, 0x000000070c300000|  0%| F|  |TAMS 0x000000070c200000, 0x000000070c200000| Untracked 
| 143|0x000000070c300000, 0x000000070c300000, 0x000000070c400000|  0%| F|  |TAMS 0x000000070c300000, 0x000000070c300000| Untracked 
| 144|0x000000070c400000, 0x000000070c400000, 0x000000070c500000|  0%| F|  |TAMS 0x000000070c400000, 0x000000070c400000| Untracked 
| 145|0x000000070c500000, 0x000000070c500000, 0x000000070c600000|  0%| F|  |TAMS 0x000000070c500000, 0x000000070c500000| Untracked 
| 146|0x000000070c600000, 0x000000070c600000, 0x000000070c700000|  0%| F|  |TAMS 0x000000070c600000, 0x000000070c600000| Untracked 
| 147|0x000000070c700000, 0x000000070c700000, 0x000000070c800000|  0%| F|  |TAMS 0x000000070c700000, 0x000000070c700000| Untracked 
| 148|0x000000070c800000, 0x000000070c800000, 0x000000070c900000|  0%| F|  |TAMS 0x000000070c800000, 0x000000070c800000| Untracked 
| 149|0x000000070c900000, 0x000000070c900000, 0x000000070ca00000|  0%| F|  |TAMS 0x000000070c900000, 0x000000070c900000| Untracked 
| 150|0x000000070ca00000, 0x000000070ca00000, 0x000000070cb00000|  0%| F|  |TAMS 0x000000070ca00000, 0x000000070ca00000| Untracked 
| 151|0x000000070cb00000, 0x000000070cb00000, 0x000000070cc00000|  0%| F|  |TAMS 0x000000070cb00000, 0x000000070cb00000| Untracked 
| 152|0x000000070cc00000, 0x000000070cc00000, 0x000000070cd00000|  0%| F|  |TAMS 0x000000070cc00000, 0x000000070cc00000| Untracked 
| 153|0x000000070cd00000, 0x000000070cd00000, 0x000000070ce00000|  0%| F|  |TAMS 0x000000070cd00000, 0x000000070cd00000| Untracked 
| 154|0x000000070ce00000, 0x000000070ce00000, 0x000000070cf00000|  0%| F|  |TAMS 0x000000070ce00000, 0x000000070ce00000| Untracked 
| 155|0x000000070cf00000, 0x000000070cf00000, 0x000000070d000000|  0%| F|  |TAMS 0x000000070cf00000, 0x000000070cf00000| Untracked 
| 156|0x000000070d000000, 0x000000070d000000, 0x000000070d100000|  0%| F|  |TAMS 0x000000070d000000, 0x000000070d000000| Untracked 
| 157|0x000000070d100000, 0x000000070d100000, 0x000000070d200000|  0%| F|  |TAMS 0x000000070d100000, 0x000000070d100000| Untracked 
| 158|0x000000070d200000, 0x000000070d200000, 0x000000070d300000|  0%| F|  |TAMS 0x000000070d200000, 0x000000070d200000| Untracked 
| 159|0x000000070d300000, 0x000000070d300000, 0x000000070d400000|  0%| F|  |TAMS 0x000000070d300000, 0x000000070d300000| Untracked 
| 160|0x000000070d400000, 0x000000070d400000, 0x000000070d500000|  0%| F|  |TAMS 0x000000070d400000, 0x000000070d400000| Untracked 
| 161|0x000000070d500000, 0x000000070d500000, 0x000000070d600000|  0%| F|  |TAMS 0x000000070d500000, 0x000000070d500000| Untracked 
| 162|0x000000070d600000, 0x000000070d600000, 0x000000070d700000|  0%| F|  |TAMS 0x000000070d600000, 0x000000070d600000| Untracked 
| 163|0x000000070d700000, 0x000000070d700000, 0x000000070d800000|  0%| F|  |TAMS 0x000000070d700000, 0x000000070d700000| Untracked 
| 164|0x000000070d800000, 0x000000070d800000, 0x000000070d900000|  0%| F|  |TAMS 0x000000070d800000, 0x000000070d800000| Untracked 
| 165|0x000000070d900000, 0x000000070d900000, 0x000000070da00000|  0%| F|  |TAMS 0x000000070d900000, 0x000000070d900000| Untracked 
| 166|0x000000070da00000, 0x000000070da00000, 0x000000070db00000|  0%| F|  |TAMS 0x000000070da00000, 0x000000070da00000| Untracked 
| 167|0x000000070db00000, 0x000000070db00000, 0x000000070dc00000|  0%| F|  |TAMS 0x000000070db00000, 0x000000070db00000| Untracked 
| 168|0x000000070dc00000, 0x000000070dc00000, 0x000000070dd00000|  0%| F|  |TAMS 0x000000070dc00000, 0x000000070dc00000| Untracked 
| 169|0x000000070dd00000, 0x000000070dd00000, 0x000000070de00000|  0%| F|  |TAMS 0x000000070dd00000, 0x000000070dd00000| Untracked 
| 170|0x000000070de00000, 0x000000070de00000, 0x000000070df00000|  0%| F|  |TAMS 0x000000070de00000, 0x000000070de00000| Untracked 
| 171|0x000000070df00000, 0x000000070df00000, 0x000000070e000000|  0%| F|  |TAMS 0x000000070df00000, 0x000000070df00000| Untracked 
| 172|0x000000070e000000, 0x000000070e000000, 0x000000070e100000|  0%| F|  |TAMS 0x000000070e000000, 0x000000070e000000| Untracked 
| 173|0x000000070e100000, 0x000000070e100000, 0x000000070e200000|  0%| F|  |TAMS 0x000000070e100000, 0x000000070e100000| Untracked 
| 174|0x000000070e200000, 0x000000070e200000, 0x000000070e300000|  0%| F|  |TAMS 0x000000070e200000, 0x000000070e200000| Untracked 
| 175|0x000000070e300000, 0x000000070e300000, 0x000000070e400000|  0%| F|  |TAMS 0x000000070e300000, 0x000000070e300000| Untracked 
| 176|0x000000070e400000, 0x000000070e400000, 0x000000070e500000|  0%| F|  |TAMS 0x000000070e400000, 0x000000070e400000| Untracked 
| 177|0x000000070e500000, 0x000000070e500000, 0x000000070e600000|  0%| F|  |TAMS 0x000000070e500000, 0x000000070e500000| Untracked 
| 178|0x000000070e600000, 0x000000070e600000, 0x000000070e700000|  0%| F|  |TAMS 0x000000070e600000, 0x000000070e600000| Untracked 
| 179|0x000000070e700000, 0x000000070e700000, 0x000000070e800000|  0%| F|  |TAMS 0x000000070e700000, 0x000000070e700000| Untracked 
| 180|0x000000070e800000, 0x000000070e800000, 0x000000070e900000|  0%| F|  |TAMS 0x000000070e800000, 0x000000070e800000| Untracked 
| 181|0x000000070e900000, 0x000000070e900000, 0x000000070ea00000|  0%| F|  |TAMS 0x000000070e900000, 0x000000070e900000| Untracked 
| 182|0x000000070ea00000, 0x000000070ea00000, 0x000000070eb00000|  0%| F|  |TAMS 0x000000070ea00000, 0x000000070ea00000| Untracked 
| 183|0x000000070eb00000, 0x000000070eb00000, 0x000000070ec00000|  0%| F|  |TAMS 0x000000070eb00000, 0x000000070eb00000| Untracked 
| 184|0x000000070ec00000, 0x000000070ec00000, 0x000000070ed00000|  0%| F|  |TAMS 0x000000070ec00000, 0x000000070ec00000| Untracked 
| 185|0x000000070ed00000, 0x000000070ed00000, 0x000000070ee00000|  0%| F|  |TAMS 0x000000070ed00000, 0x000000070ed00000| Untracked 
| 186|0x000000070ee00000, 0x000000070ee00000, 0x000000070ef00000|  0%| F|  |TAMS 0x000000070ee00000, 0x000000070ee00000| Untracked 
| 187|0x000000070ef00000, 0x000000070ef00000, 0x000000070f000000|  0%| F|  |TAMS 0x000000070ef00000, 0x000000070ef00000| Untracked 
| 188|0x000000070f000000, 0x000000070f000000, 0x000000070f100000|  0%| F|  |TAMS 0x000000070f000000, 0x000000070f000000| Untracked 
| 189|0x000000070f100000, 0x000000070f100000, 0x000000070f200000|  0%| F|  |TAMS 0x000000070f100000, 0x000000070f100000| Untracked 
| 190|0x000000070f200000, 0x000000070f200000, 0x000000070f300000|  0%| F|  |TAMS 0x000000070f200000, 0x000000070f200000| Untracked 
| 191|0x000000070f300000, 0x000000070f300000, 0x000000070f400000|  0%| F|  |TAMS 0x000000070f300000, 0x000000070f300000| Untracked 
| 192|0x000000070f400000, 0x000000070f400000, 0x000000070f500000|  0%| F|  |TAMS 0x000000070f400000, 0x000000070f400000| Untracked 
| 193|0x000000070f500000, 0x000000070f500000, 0x000000070f600000|  0%| F|  |TAMS 0x000000070f500000, 0x000000070f500000| Untracked 
| 194|0x000000070f600000, 0x000000070f600000, 0x000000070f700000|  0%| F|  |TAMS 0x000000070f600000, 0x000000070f600000| Untracked 
| 195|0x000000070f700000, 0x000000070f700000, 0x000000070f800000|  0%| F|  |TAMS 0x000000070f700000, 0x000000070f700000| Untracked 
| 196|0x000000070f800000, 0x000000070f800000, 0x000000070f900000|  0%| F|  |TAMS 0x000000070f800000, 0x000000070f800000| Untracked 
| 197|0x000000070f900000, 0x000000070f900000, 0x000000070fa00000|  0%| F|  |TAMS 0x000000070f900000, 0x000000070f900000| Untracked 
| 198|0x000000070fa00000, 0x000000070fa00000, 0x000000070fb00000|  0%| F|  |TAMS 0x000000070fa00000, 0x000000070fa00000| Untracked 
| 199|0x000000070fb00000, 0x000000070fb00000, 0x000000070fc00000|  0%| F|  |TAMS 0x000000070fb00000, 0x000000070fb00000| Untracked 
| 200|0x000000070fc00000, 0x000000070fc00000, 0x000000070fd00000|  0%| F|  |TAMS 0x000000070fc00000, 0x000000070fc00000| Untracked 
| 201|0x000000070fd00000, 0x000000070fd00000, 0x000000070fe00000|  0%| F|  |TAMS 0x000000070fd00000, 0x000000070fd00000| Untracked 
| 202|0x000000070fe00000, 0x000000070fe00000, 0x000000070ff00000|  0%| F|  |TAMS 0x000000070fe00000, 0x000000070fe00000| Untracked 
| 203|0x000000070ff00000, 0x000000070ff00000, 0x0000000710000000|  0%| F|  |TAMS 0x000000070ff00000, 0x000000070ff00000| Untracked 
| 204|0x0000000710000000, 0x0000000710000000, 0x0000000710100000|  0%| F|  |TAMS 0x0000000710000000, 0x0000000710000000| Untracked 
| 205|0x0000000710100000, 0x000000071017db80, 0x0000000710200000| 49%| S|CS|TAMS 0x0000000710100000, 0x0000000710100000| Complete 
| 206|0x0000000710200000, 0x0000000710300000, 0x0000000710300000|100%| S|CS|TAMS 0x0000000710200000, 0x0000000710200000| Complete 
| 207|0x0000000710300000, 0x0000000710400000, 0x0000000710400000|100%| S|CS|TAMS 0x0000000710300000, 0x0000000710300000| Complete 
| 208|0x0000000710400000, 0x0000000710500000, 0x0000000710500000|100%| S|CS|TAMS 0x0000000710400000, 0x0000000710400000| Complete 
| 209|0x0000000710500000, 0x0000000710500000, 0x0000000710600000|  0%| F|  |TAMS 0x0000000710500000, 0x0000000710500000| Untracked 
| 210|0x0000000710600000, 0x0000000710600000, 0x0000000710700000|  0%| F|  |TAMS 0x0000000710600000, 0x0000000710600000| Untracked 
| 211|0x0000000710700000, 0x0000000710800000, 0x0000000710800000|100%| E|  |TAMS 0x0000000710700000, 0x0000000710700000| Complete 
| 212|0x0000000710800000, 0x0000000710900000, 0x0000000710900000|100%| E|CS|TAMS 0x0000000710800000, 0x0000000710800000| Complete 
| 213|0x0000000710900000, 0x0000000710a00000, 0x0000000710a00000|100%| E|CS|TAMS 0x0000000710900000, 0x0000000710900000| Complete 
| 214|0x0000000710a00000, 0x0000000710b00000, 0x0000000710b00000|100%| E|CS|TAMS 0x0000000710a00000, 0x0000000710a00000| Complete 
| 215|0x0000000710b00000, 0x0000000710c00000, 0x0000000710c00000|100%| E|CS|TAMS 0x0000000710b00000, 0x0000000710b00000| Complete 
| 216|0x0000000710c00000, 0x0000000710d00000, 0x0000000710d00000|100%| E|CS|TAMS 0x0000000710c00000, 0x0000000710c00000| Complete 
| 217|0x0000000710d00000, 0x0000000710e00000, 0x0000000710e00000|100%| E|CS|TAMS 0x0000000710d00000, 0x0000000710d00000| Complete 
| 218|0x0000000710e00000, 0x0000000710f00000, 0x0000000710f00000|100%| E|CS|TAMS 0x0000000710e00000, 0x0000000710e00000| Complete 
| 219|0x0000000710f00000, 0x0000000711000000, 0x0000000711000000|100%| E|CS|TAMS 0x0000000710f00000, 0x0000000710f00000| Complete 
| 220|0x0000000711000000, 0x0000000711100000, 0x0000000711100000|100%| E|CS|TAMS 0x0000000711000000, 0x0000000711000000| Complete 
| 221|0x0000000711100000, 0x0000000711200000, 0x0000000711200000|100%| E|CS|TAMS 0x0000000711100000, 0x0000000711100000| Complete 
| 222|0x0000000711200000, 0x0000000711300000, 0x0000000711300000|100%| E|CS|TAMS 0x0000000711200000, 0x0000000711200000| Complete 
| 223|0x0000000711300000, 0x0000000711400000, 0x0000000711400000|100%| E|CS|TAMS 0x0000000711300000, 0x0000000711300000| Complete 
| 224|0x0000000711400000, 0x0000000711500000, 0x0000000711500000|100%| E|CS|TAMS 0x0000000711400000, 0x0000000711400000| Complete 
| 225|0x0000000711500000, 0x0000000711600000, 0x0000000711600000|100%| E|CS|TAMS 0x0000000711500000, 0x0000000711500000| Complete 
| 226|0x0000000711600000, 0x0000000711700000, 0x0000000711700000|100%| E|CS|TAMS 0x0000000711600000, 0x0000000711600000| Complete 
| 227|0x0000000711700000, 0x0000000711800000, 0x0000000711800000|100%| E|CS|TAMS 0x0000000711700000, 0x0000000711700000| Complete 
| 228|0x0000000711800000, 0x0000000711900000, 0x0000000711900000|100%| E|CS|TAMS 0x0000000711800000, 0x0000000711800000| Complete 
| 229|0x0000000711900000, 0x0000000711a00000, 0x0000000711a00000|100%| E|CS|TAMS 0x0000000711900000, 0x0000000711900000| Complete 
| 230|0x0000000711a00000, 0x0000000711b00000, 0x0000000711b00000|100%| E|CS|TAMS 0x0000000711a00000, 0x0000000711a00000| Complete 
| 231|0x0000000711b00000, 0x0000000711c00000, 0x0000000711c00000|100%| E|CS|TAMS 0x0000000711b00000, 0x0000000711b00000| Complete 
| 232|0x0000000711c00000, 0x0000000711d00000, 0x0000000711d00000|100%| E|CS|TAMS 0x0000000711c00000, 0x0000000711c00000| Complete 
| 233|0x0000000711d00000, 0x0000000711e00000, 0x0000000711e00000|100%| E|CS|TAMS 0x0000000711d00000, 0x0000000711d00000| Complete 
| 234|0x0000000711e00000, 0x0000000711f00000, 0x0000000711f00000|100%| E|CS|TAMS 0x0000000711e00000, 0x0000000711e00000| Complete 
| 235|0x0000000711f00000, 0x0000000712000000, 0x0000000712000000|100%| E|CS|TAMS 0x0000000711f00000, 0x0000000711f00000| Complete 
| 236|0x0000000712000000, 0x0000000712100000, 0x0000000712100000|100%| E|CS|TAMS 0x0000000712000000, 0x0000000712000000| Complete 
| 237|0x0000000712100000, 0x0000000712200000, 0x0000000712200000|100%| E|CS|TAMS 0x0000000712100000, 0x0000000712100000| Complete 
| 238|0x0000000712200000, 0x0000000712300000, 0x0000000712300000|100%| E|CS|TAMS 0x0000000712200000, 0x0000000712200000| Complete 
| 239|0x0000000712300000, 0x0000000712400000, 0x0000000712400000|100%| E|CS|TAMS 0x0000000712300000, 0x0000000712300000| Complete 
| 240|0x0000000712400000, 0x0000000712500000, 0x0000000712500000|100%| E|CS|TAMS 0x0000000712400000, 0x0000000712400000| Complete 
| 241|0x0000000712500000, 0x0000000712600000, 0x0000000712600000|100%| E|CS|TAMS 0x0000000712500000, 0x0000000712500000| Complete 
| 242|0x0000000712600000, 0x0000000712700000, 0x0000000712700000|100%| E|CS|TAMS 0x0000000712600000, 0x0000000712600000| Complete 
| 243|0x0000000712700000, 0x0000000712800000, 0x0000000712800000|100%| E|CS|TAMS 0x0000000712700000, 0x0000000712700000| Complete 
| 244|0x0000000712800000, 0x0000000712900000, 0x0000000712900000|100%| E|CS|TAMS 0x0000000712800000, 0x0000000712800000| Complete 
| 245|0x0000000712900000, 0x0000000712a00000, 0x0000000712a00000|100%| E|CS|TAMS 0x0000000712900000, 0x0000000712900000| Complete 
| 246|0x0000000712a00000, 0x0000000712b00000, 0x0000000712b00000|100%| E|CS|TAMS 0x0000000712a00000, 0x0000000712a00000| Complete 
| 247|0x0000000712b00000, 0x0000000712c00000, 0x0000000712c00000|100%| E|CS|TAMS 0x0000000712b00000, 0x0000000712b00000| Complete 
| 248|0x0000000712c00000, 0x0000000712d00000, 0x0000000712d00000|100%| E|CS|TAMS 0x0000000712c00000, 0x0000000712c00000| Complete 
| 249|0x0000000712d00000, 0x0000000712e00000, 0x0000000712e00000|100%| E|CS|TAMS 0x0000000712d00000, 0x0000000712d00000| Complete 
| 250|0x0000000712e00000, 0x0000000712f00000, 0x0000000712f00000|100%| E|CS|TAMS 0x0000000712e00000, 0x0000000712e00000| Complete 
| 251|0x0000000712f00000, 0x0000000713000000, 0x0000000713000000|100%| E|CS|TAMS 0x0000000712f00000, 0x0000000712f00000| Complete 
| 252|0x0000000713000000, 0x0000000713100000, 0x0000000713100000|100%| E|CS|TAMS 0x0000000713000000, 0x0000000713000000| Complete 
| 253|0x0000000713100000, 0x0000000713200000, 0x0000000713200000|100%| E|CS|TAMS 0x0000000713100000, 0x0000000713100000| Complete 

Card table byte_map: [0x000001e8a6e20000,0x000001e8a7610000] _byte_map_base: 0x000001e8a3606000

Marking Bits (Prev, Next): (CMBitMap*) 0x000001e88eeac8a0, (CMBitMap*) 0x000001e88eeac868
 Prev Bits: [0x000001e8abd30000, 0x000001e8afc60000)
 Next Bits: [0x000001e8a7e00000, 0x000001e8abd30000)

Polling page: 0x000001e88e620000

Metaspace:

Usage:
  Non-class:     28.95 MB capacity,    28.37 MB ( 98%) used,   480.95 KB (  2%) free+waste,   107.69 KB ( <1%) overhead. 
      Class:      4.07 MB capacity,     3.69 MB ( 91%) used,   338.30 KB (  8%) free+waste,    51.75 KB (  1%) overhead. 
       Both:     33.02 MB capacity,    32.06 MB ( 97%) used,   819.24 KB (  2%) free+waste,   159.44 KB ( <1%) overhead. 

Virtual space:
  Non-class space:       30.00 MB reserved,      29.00 MB ( 97%) committed 
      Class space:        1.00 GB reserved,       4.13 MB ( <1%) committed 
             Both:        1.03 GB reserved,      33.13 MB (  3%) committed 

Chunk freelists:
   Non-Class:  6.88 KB
       Class:  2.75 KB
        Both:  9.63 KB

CodeHeap 'non-profiled nmethods': size=120000Kb used=1327Kb max_used=1327Kb free=118672Kb
 bounds [0x000001e89edd0000, 0x000001e89f040000, 0x000001e8a6300000]
CodeHeap 'profiled nmethods': size=120000Kb used=6852Kb max_used=6852Kb free=113147Kb
 bounds [0x000001e8978a0000, 0x000001e897f60000, 0x000001e89edd0000]
CodeHeap 'non-nmethods': size=5760Kb used=1136Kb max_used=1175Kb free=4623Kb
 bounds [0x000001e897300000, 0x000001e897570000, 0x000001e8978a0000]
 total_blobs=3561 nmethods=3105 adapters=367
 compilation: enabled
              stopped_count=0, restarted_count=0
 full_count=0

Compilation events (10 events):
Event: 5.008 Thread 0x000001e8b30db800 nmethod 3057 0x000001e897f36290 code [0x000001e897f36420, 0x000001e897f364f8]
Event: 5.011 Thread 0x000001e8b3276800 nmethod 3038 0x000001e89ef16910 code [0x000001e89ef16ac0, 0x000001e89ef16ea8]
Event: 5.029 Thread 0x000001e8b30db800 3058       1       java.security.Provider$Service::getType (5 bytes)
Event: 5.029 Thread 0x000001e8b30db800 nmethod 3058 0x000001e89ef17190 code [0x000001e89ef17320, 0x000001e89ef173d8]
Event: 5.029 Thread 0x000001e8b30db800 3059       1       java.security.Provider$Service::getAlgorithm (5 bytes)
Event: 5.029 Thread 0x000001e8b30db800 nmethod 3059 0x000001e89ef17490 code [0x000001e89ef17620, 0x000001e89ef176d8]
Event: 5.029 Thread 0x000001e8b30db800 3060       1       java.security.Provider$Service::getAliases (5 bytes)
Event: 5.030 Thread 0x000001e8b30db800 nmethod 3060 0x000001e89ef17790 code [0x000001e89ef17920, 0x000001e89ef179d8]
Event: 5.038 Thread 0x000001e8b30db800 3061       3       java.security.Provider$ServiceKey::hashCode (22 bytes)
Event: 5.038 Thread 0x000001e8b30db800 nmethod 3061 0x000001e897f36590 code [0x000001e897f36760, 0x000001e897f36cc8]

GC Heap History (6 events):
Event: 1.097 GC heap before
{Heap before GC invocations=0 (full 0):
 garbage-first heap   total 260096K, used 23552K [0x0000000703400000, 0x0000000800000000)
  region size 1024K, 24 young (24576K), 0 survivors (0K)
 Metaspace       used 12098K, capacity 12394K, committed 12544K, reserved 1060864K
  class space    used 1171K, capacity 1264K, committed 1280K, reserved 1048576K
}
Event: 1.102 GC heap after
{Heap after GC invocations=1 (full 0):
 garbage-first heap   total 260096K, used 4040K [0x0000000703400000, 0x0000000800000000)
  region size 1024K, 3 young (3072K), 3 survivors (3072K)
 Metaspace       used 12098K, capacity 12394K, committed 12544K, reserved 1060864K
  class space    used 1171K, capacity 1264K, committed 1280K, reserved 1048576K
}
Event: 2.035 GC heap before
{Heap before GC invocations=1 (full 0):
 garbage-first heap   total 260096K, used 40904K [0x0000000703400000, 0x0000000800000000)
  region size 1024K, 40 young (40960K), 3 survivors (3072K)
 Metaspace       used 20640K, capacity 21179K, committed 21296K, reserved 1069056K
  class space    used 2229K, capacity 2421K, committed 2432K, reserved 1048576K
}
Event: 2.043 GC heap after
{Heap after GC invocations=2 (full 0):
 garbage-first heap   total 260096K, used 6087K [0x0000000703400000, 0x0000000800000000)
  region size 1024K, 5 young (5120K), 5 survivors (5120K)
 Metaspace       used 20640K, capacity 21179K, committed 21296K, reserved 1069056K
  class space    used 2229K, capacity 2421K, committed 2432K, reserved 1048576K
}
Event: 2.869 GC heap before
{Heap before GC invocations=3 (full 0):
 garbage-first heap   total 260096K, used 46023K [0x0000000703400000, 0x0000000800000000)
  region size 1024K, 45 young (46080K), 5 survivors (5120K)
 Metaspace       used 25983K, capacity 26679K, committed 26752K, reserved 1073152K
  class space    used 2909K, capacity 3183K, committed 3200K, reserved 1048576K
}
Event: 2.878 GC heap after
{Heap after GC invocations=4 (full 0):
 garbage-first heap   total 260096K, used 7523K [0x0000000703400000, 0x0000000800000000)
  region size 1024K, 4 young (4096K), 4 survivors (4096K)
 Metaspace       used 25983K, capacity 26679K, committed 26752K, reserved 1073152K
  class space    used 2909K, capacity 3183K, committed 3200K, reserved 1048576K
}

Deoptimization events (10 events):
Event: 3.536 Thread 0x000001e8b4030000 Uncommon trap: reason=unstable_if action=reinterpret pc=0x000001e89eebed04 method=sun.net.www.ParseUtil.firstEncodeIndex(Ljava/lang/String;)I @ 51 c2
Event: 3.536 Thread 0x000001e8b4030000 Uncommon trap: reason=unstable_if action=reinterpret pc=0x000001e89ee15d88 method=sun.net.www.ParseUtil.firstEncodeIndex(Ljava/lang/String;)I @ 51 c2
Event: 3.640 Thread 0x000001e8b4030000 Uncommon trap: reason=unstable_if action=reinterpret pc=0x000001e89ee55154 method=jdk.internal.org.objectweb.asm.MethodWriter.visitVarInsn(II)V @ 15 c2
Event: 3.645 Thread 0x000001e8b4030000 Uncommon trap: reason=class_check action=maybe_recompile pc=0x000001e89ee4da10 method=java.lang.invoke.LambdaForm$Name.replaceNames([Ljava/lang/invoke/LambdaForm$Name;[Ljava/lang/invoke/LambdaForm$Name;II)Ljava/lang/invoke/LambdaForm$Name; @ 33 c2
Event: 3.645 Thread 0x000001e8b4030000 Uncommon trap: reason=class_check action=maybe_recompile pc=0x000001e89ee4da10 method=java.lang.invoke.LambdaForm$Name.replaceNames([Ljava/lang/invoke/LambdaForm$Name;[Ljava/lang/invoke/LambdaForm$Name;II)Ljava/lang/invoke/LambdaForm$Name; @ 33 c2
Event: 3.797 Thread 0x000001e8b4030000 Uncommon trap: reason=unstable_if action=reinterpret pc=0x000001e89eeeeaac method=org.springframework.beans.factory.support.AbstractAutowireCapableBeanFactory.predictBeanType(Ljava/lang/String;Lorg/springframework/beans/factory/support/RootBeanDefinition;
Event: 3.888 Thread 0x000001e8b4030000 Uncommon trap: reason=unstable_if action=reinterpret pc=0x000001e89ee746bc method=java.util.LinkedHashMap.get(Ljava/lang/Object;)Ljava/lang/Object; @ 20 c2
Event: 4.814 Thread 0x000001e8b4030000 Uncommon trap: reason=unstable_if action=reinterpret pc=0x000001e89ee85e1c method=java.util.Properties.loadConvert([CIILjava/lang/StringBuilder;)Ljava/lang/String; @ 130 c2
Event: 4.814 Thread 0x000001e8b4030000 Uncommon trap: reason=unstable_if action=reinterpret pc=0x000001e89ee0c544 method=java.lang.StringBuilder.toString()Ljava/lang/String; @ 4 c2
Event: 4.953 Thread 0x000001e8b4030000 Uncommon trap: reason=unstable_if action=reinterpret pc=0x000001e89eea625c method=jdk.internal.jimage.ImageLocation.verify(Ljava/lang/String;Ljava/lang/String;[JLjdk/internal/jimage/ImageStrings;)Z @ 18 c2

Classes redefined (0 events):
No events

Internal exceptions (10 events):
Event: 3.563 Thread 0x000001e8b4030000 Exception <a 'java/lang/NoSuchMethodError'{0x0000000711d7d080}: java.lang.invoke.DirectMethodHandle$Holder.invokeSpecial(Ljava/lang/Object;Ljava/lang/Object;Ljava/lang/Object;Ljava/lang/Object;Ljava/lang/Object;)I> (0x0000000711d7d080) thrown at [./open/s
Event: 3.640 Thread 0x000001e8b4030000 Implicit null exception at 0x000001e89ee54cb0 to 0x000001e89ee55148
Event: 3.644 Thread 0x000001e8b4030000 Exception <a 'java/lang/NoSuchMethodError'{0x0000000711bf45b8}: java.lang.invoke.DelegatingMethodHandle$Holder.delegate(Ljava/lang/Object;Ljava/lang/Object;ILjava/lang/Object;)V> (0x0000000711bf45b8) thrown at [./open/src/hotspot/share/interpreter/linkRes
Event: 3.671 Thread 0x000001e8b4030000 Exception <a 'java/lang/NoSuchMethodError'{0x0000000711aa9de0}: java.lang.invoke.DirectMethodHandle$Holder.invokeStatic(Ljava/lang/Object;Ljava/lang/Object;I)V> (0x0000000711aa9de0) thrown at [./open/src/hotspot/share/interpreter/linkResolver.cpp, line 77
Event: 3.726 Thread 0x000001e8b4030000 Exception <a 'java/lang/NoSuchMethodError'{0x000000071182bac0}: java.lang.invoke.DirectMethodHandle$Holder.invokeInterface(Ljava/lang/Object;Ljava/lang/Object;I)V> (0x000000071182bac0) thrown at [./open/src/hotspot/share/interpreter/linkResolver.cpp, line
Event: 3.731 Thread 0x000001e8b4030000 Exception <a 'java/lang/NoSuchMethodError'{0x0000000711843b70}: java.lang.invoke.DirectMethodHandle$Holder.invokeVirtual(Ljava/lang/Object;Ljava/lang/Object;)I> (0x0000000711843b70) thrown at [./open/src/hotspot/share/interpreter/linkResolver.cpp, line 77
Event: 3.738 Thread 0x000001e8b4030000 Exception <a 'java/lang/IncompatibleClassChangeError'{0x0000000711879d80}: Found class java.lang.Object, but interface was expected> (0x0000000711879d80) thrown at [./open/src/hotspot/share/interpreter/linkResolver.cpp, line 838]
Event: 3.740 Thread 0x000001e8b4030000 Exception <a 'java/lang/NoSuchMethodError'{0x000000071187ec20}: java.lang.invoke.DirectMethodHandle$Holder.invokeStatic(Ljava/lang/Object;ILjava/lang/Object;)V> (0x000000071187ec20) thrown at [./open/src/hotspot/share/interpreter/linkResolver.cpp, line 77
Event: 3.930 Thread 0x000001e8b4030000 Exception <a 'java/lang/NoSuchMethodError'{0x00000007114bd3d8}: java.lang.invoke.DirectMethodHandle$Holder.invokeStaticInit(Ljava/lang/Object;IIII)Ljava/lang/Object;> (0x00000007114bd3d8) thrown at [./open/src/hotspot/share/interpreter/linkResolver.cpp, l
Event: 4.701 Thread 0x000001e8b4030000 Exception <a 'java/lang/NoSuchMethodError'{0x0000000711336298}: java.lang.invoke.DirectMethodHandle$Holder.invokeStaticInit(Ljava/lang/Object;Ljava/lang/Object;IIII)Ljava/lang/Object;> (0x0000000711336298) thrown at [./open/src/hotspot/share/interpreter/l

Events (10 events):
Event: 5.006 loading class java/security/InvalidParameterException
Event: 5.006 loading class java/security/InvalidParameterException done
Event: 5.006 loading class javax/security/auth/login/LoginException
Event: 5.006 loading class javax/security/auth/login/LoginException done
Event: 5.006 loading class javax/security/auth/login/FailedLoginException
Event: 5.006 loading class javax/security/auth/login/FailedLoginException done
Event: 5.006 loading class javax/security/auth/Subject
Event: 5.007 loading class javax/security/auth/Subject done
Event: 5.007 loading class javax/security/auth/callback/CallbackHandler
Event: 5.007 loading class javax/security/auth/callback/CallbackHandler done


Dynamic libraries:
0x00007ff6162f0000 - 0x00007ff6162ff000 	D:\aInstalacoes\bin\java.exe
0x00007ffeb3150000 - 0x00007ffeb3364000 	C:\WINDOWS\SYSTEM32\ntdll.dll
0x00007ffeb1660000 - 0x00007ffeb1723000 	C:\WINDOWS\System32\KERNEL32.DLL
0x00007ffeb0aa0000 - 0x00007ffeb0e3d000 	C:\WINDOWS\System32\KERNELBASE.dll
0x00007ffeb06d0000 - 0x00007ffeb07e1000 	C:\WINDOWS\System32\ucrtbase.dll
0x00007ffe8a010000 - 0x00007ffe8a025000 	D:\aInstalacoes\bin\VCRUNTIME140.dll
0x00007ffe8b8d0000 - 0x00007ffe8b8e8000 	D:\aInstalacoes\bin\jli.dll
0x00007ffeb0fc0000 - 0x00007ffeb106e000 	C:\WINDOWS\System32\ADVAPI32.dll
0x00007ffeb0f10000 - 0x00007ffeb0fb7000 	C:\WINDOWS\System32\msvcrt.dll
0x00007ffeb2c20000 - 0x00007ffeb2cc4000 	C:\WINDOWS\System32\sechost.dll
0x00007ffeb1a00000 - 0x00007ffeb1b15000 	C:\WINDOWS\System32\RPCRT4.dll
0x00007ffeb2ce0000 - 0x00007ffeb2e8d000 	C:\WINDOWS\System32\USER32.dll
0x00007ffe92a80000 - 0x00007ffe92d0e000 	C:\WINDOWS\WinSxS\amd64_microsoft.windows.common-controls_6595b64144ccf1df_6.0.22621.608_none_a9444ca7c10bb01d\COMCTL32.dll
0x00007ffeb0ee0000 - 0x00007ffeb0f06000 	C:\WINDOWS\System32\win32u.dll
0x00007ffeb2f10000 - 0x00007ffeb2f39000 	C:\WINDOWS\System32\GDI32.dll
0x00007ffeb05b0000 - 0x00007ffeb06c2000 	C:\WINDOWS\System32\gdi32full.dll
0x00007ffeb0e40000 - 0x00007ffeb0eda000 	C:\WINDOWS\System32\msvcp_win.dll
0x00007ffea54d0000 - 0x00007ffea54da000 	C:\WINDOWS\SYSTEM32\VERSION.dll
0x00007ffeb2200000 - 0x00007ffeb2232000 	C:\WINDOWS\System32\IMM32.DLL
0x00007ffe49dc0000 - 0x00007ffe49e5b000 	D:\aInstalacoes\bin\msvcp140.dll
0x00007ffe492c0000 - 0x00007ffe49dbf000 	D:\aInstalacoes\bin\server\jvm.dll
0x00007ffeb2110000 - 0x00007ffeb2118000 	C:\WINDOWS\System32\PSAPI.DLL
0x00007ffea3670000 - 0x00007ffea36a4000 	C:\WINDOWS\SYSTEM32\WINMM.dll
0x00007ffea1a10000 - 0x00007ffea1a19000 	C:\WINDOWS\SYSTEM32\WSOCK32.dll
0x00007ffeb2f40000 - 0x00007ffeb2fb1000 	C:\WINDOWS\System32\WS2_32.dll
0x00007ffeaf640000 - 0x00007ffeaf658000 	C:\WINDOWS\SYSTEM32\kernel.appcore.dll
0x00007ffe98fb0000 - 0x00007ffe98fc0000 	D:\aInstalacoes\bin\verify.dll
0x00007ffeaaea0000 - 0x00007ffeab0ce000 	C:\WINDOWS\SYSTEM32\DBGHELP.DLL
0x00007ffeb1bf0000 - 0x00007ffeb1f7a000 	C:\WINDOWS\System32\combase.dll
0x00007ffeb2120000 - 0x00007ffeb21f7000 	C:\WINDOWS\System32\OLEAUT32.dll
0x00007ffe96e00000 - 0x00007ffe96e32000 	C:\WINDOWS\SYSTEM32\dbgcore.DLL
0x00007ffeb0a20000 - 0x00007ffeb0a9b000 	C:\WINDOWS\System32\bcryptPrimitives.dll
0x00007ffe74960000 - 0x00007ffe74988000 	D:\aInstalacoes\bin\java.dll
0x00007ffe974f0000 - 0x00007ffe974fa000 	D:\aInstalacoes\bin\jimage.dll
0x00007ffea45a0000 - 0x00007ffea45ae000 	D:\aInstalacoes\bin\instrument.dll
0x00007ffe85f40000 - 0x00007ffe85f56000 	D:\aInstalacoes\bin\zip.dll
0x00007ffeb2430000 - 0x00007ffeb2c1f000 	C:\WINDOWS\System32\SHELL32.dll
0x00007ffeae510000 - 0x00007ffeaedd8000 	C:\WINDOWS\SYSTEM32\windows.storage.dll
0x00007ffeae3d0000 - 0x00007ffeae50e000 	C:\WINDOWS\SYSTEM32\wintypes.dll
0x00007ffeb2010000 - 0x00007ffeb2101000 	C:\WINDOWS\System32\SHCORE.dll
0x00007ffeb1080000 - 0x00007ffeb10de000 	C:\WINDOWS\System32\shlwapi.dll
0x00007ffeb0470000 - 0x00007ffeb0491000 	C:\WINDOWS\SYSTEM32\profapi.dll
0x00007ffe79550000 - 0x00007ffe79569000 	D:\aInstalacoes\bin\net.dll
0x00007ffea3bc0000 - 0x00007ffea3cef000 	C:\WINDOWS\SYSTEM32\WINHTTP.dll
0x00007ffeafab0000 - 0x00007ffeafb19000 	C:\WINDOWS\system32\mswsock.dll
0x00007ffe78c00000 - 0x00007ffe78c12000 	D:\aInstalacoes\bin\nio.dll
0x00007ffe9acf0000 - 0x00007ffe9ad0a000 	D:\aInstalacoes\IntelliJ IDEA Community Edition 2021.2.3\bin\breakgen64.dll
0x00007ffe976e0000 - 0x00007ffe976e9000 	D:\aInstalacoes\bin\management.dll
0x00007ffe976d0000 - 0x00007ffe976db000 	D:\aInstalacoes\bin\management_ext.dll
0x00007ffea19f0000 - 0x00007ffea1a07000 	C:\WINDOWS\system32\napinsp.dll
0x00007ffea19d0000 - 0x00007ffea19eb000 	C:\WINDOWS\system32\pnrpnsp.dll
0x00007ffeaf170000 - 0x00007ffeaf262000 	C:\WINDOWS\SYSTEM32\DNSAPI.dll
0x00007ffeaf0f0000 - 0x00007ffeaf11d000 	C:\WINDOWS\SYSTEM32\IPHLPAPI.DLL
0x00007ffeb1be0000 - 0x00007ffeb1be9000 	C:\WINDOWS\System32\NSI.dll
0x00007ffea19b0000 - 0x00007ffea19c1000 	C:\WINDOWS\System32\winrnr.dll
0x00007ffea1a20000 - 0x00007ffea1a35000 	C:\WINDOWS\system32\wshbth.dll
0x00007ffea1980000 - 0x00007ffea19a1000 	C:\WINDOWS\system32\nlansp_c.dll
0x00007ffe9e320000 - 0x00007ffe9e32a000 	C:\Windows\System32\rasadhlp.dll
0x00007ffea1b20000 - 0x00007ffea1ba3000 	C:\WINDOWS\System32\fwpuclnt.dll
0x00007ffeafcd0000 - 0x00007ffeafceb000 	C:\WINDOWS\SYSTEM32\CRYPTSP.dll
0x00007ffeaf5b0000 - 0x00007ffeaf5e5000 	C:\WINDOWS\system32\rsaenh.dll
0x00007ffeafb70000 - 0x00007ffeafb98000 	C:\WINDOWS\SYSTEM32\USERENV.dll
0x00007ffeafee0000 - 0x00007ffeaff08000 	C:\WINDOWS\SYSTEM32\bcrypt.dll
0x00007ffeafcf0000 - 0x00007ffeafcfc000 	C:\WINDOWS\SYSTEM32\CRYPTBASE.dll
0x00007ffea3990000 - 0x00007ffea39a9000 	C:\WINDOWS\SYSTEM32\dhcpcsvc6.DLL
0x00007ffea3970000 - 0x00007ffea398f000 	C:\WINDOWS\SYSTEM32\dhcpcsvc.DLL
0x00007ffea4320000 - 0x00007ffea432d000 	D:\aInstalacoes\bin\sunmscapi.dll
0x00007ffeb07f0000 - 0x00007ffeb0956000 	C:\WINDOWS\System32\CRYPT32.dll
0x00007ffeafeb0000 - 0x00007ffeafedd000 	C:\WINDOWS\SYSTEM32\ncrypt.dll
0x00007ffeafe70000 - 0x00007ffeafea7000 	C:\WINDOWS\SYSTEM32\NTASN1.dll
0x00007ffe9acc0000 - 0x00007ffe9ace5000 	D:\aInstalacoes\bin\sunec.dll

dbghelp: loaded successfully - version: 4.0.5 - missing functions: none
symbol engine: initialized successfully - sym options: 0x614 - pdb path: .;D:\aInstalacoes\bin;C:\WINDOWS\SYSTEM32;C:\WINDOWS\WinSxS\amd64_microsoft.windows.common-controls_6595b64144ccf1df_6.0.22621.608_none_a9444ca7c10bb01d;D:\aInstalacoes\bin\server;D:\aInstalacoes\IntelliJ IDEA Community Edition 2021.2.3\bin

VM Arguments:
jvm_args: -javaagent:D:\aInstalacoes\IntelliJ IDEA Community Edition 2021.2.3\lib\idea_rt.jar=52827:D:\aInstalacoes\IntelliJ IDEA Community Edition 2021.2.3\bin -Dfile.encoding=UTF-8 
java_command: com.carro.versaocarro.VersaocarroApplication
java_class_path (initial): D:\Estudo_Ti\Pratica_java\MVC\versaocarro\versaocarro\target\classes;C:\Users\pedro\.m2\repository\org\springframework\boot\spring-boot-starter-web\2.7.4\spring-boot-starter-web-2.7.4.jar;C:\Users\pedro\.m2\repository\org\springframework\boot\spring-boot-starter\2.7.4\spring-boot-starter-2.7.4.jar;C:\Users\pedro\.m2\repository\org\springframework\boot\spring-boot-starter-logging\2.7.4\spring-boot-starter-logging-2.7.4.jar;C:\Users\pedro\.m2\repository\ch\qos\logback\logback-classic\1.2.11\logback-classic-1.2.11.jar;C:\Users\pedro\.m2\repository\ch\qos\logback\logback-core\1.2.11\logback-core-1.2.11.jar;C:\Users\pedro\.m2\repository\org\apache\logging\log4j\log4j-to-slf4j\2.17.2\log4j-to-slf4j-2.17.2.jar;C:\Users\pedro\.m2\repository\org\apache\logging\log4j\log4j-api\2.17.2\log4j-api-2.17.2.jar;C:\Users\pedro\.m2\repository\org\slf4j\jul-to-slf4j\1.7.36\jul-to-slf4j-1.7.36.jar;C:\Users\pedro\.m2\repository\jakarta\annotation\jakarta.annotation-api\1.3.5\jakarta.annotation-api-1.3.5.jar;C:\Users\pedro\.m2\repository\org\yaml\snakeyaml\1.30\snakeyaml-1.30.jar;C:\Users\pedro\.m2\repository\org\springframework\boot\spring-boot-starter-json\2.7.4\spring-boot-starter-json-2.7.4.jar;C:\Users\pedro\.m2\repository\com\fasterxml\jackson\core\jackson-databind\2.13.4\jackson-databind-2.13.4.jar;C:\Users\pedro\.m2\repository\com\fasterxml\jackson\core\jackson-annotations\2.13.4\jackson-annotations-2.13.4.jar;C:\Users\pedro\.m2\repository\com\fasterxml\jackson\core\jackson-core\2.13.4\jackson-core-2.13.4.jar;C:\Users\pedro\.m2\repository\com\fasterxml\jackson\datatype\jackson-datatype-jdk8\2.13.4\jackson-datatype-jdk8-2.13.4.jar;C:\Users\pedro\.m2\repository\com\fasterxml\jackson\datatype\jackson-datatype-jsr310\2.13.4\jackson-datatype-jsr310-2.13.4.jar;C:\Users\pedro\.m2\repository\com\fasterxml\jackson\module\jackson-module-parameter-names\2.13.4\jackson-module-parameter-names-2.13.4.jar;C:\Users\pedro\.m2\repository\org\springframework\boot\spring-
Launcher Type: SUN_STANDARD

[Global flags]
     intx CICompilerCount                          = 4                                         {product} {ergonomic}
     uint ConcGCThreads                            = 2                                         {product} {ergonomic}
     uint G1ConcRefinementThreads                  = 8                                         {product} {ergonomic}
   size_t G1HeapRegionSize                         = 1048576                                   {product} {ergonomic}
    uintx GCDrainStackTargetSize                   = 64                                        {product} {ergonomic}
   size_t InitialHeapSize                          = 266338304                                 {product} {ergonomic}
   size_t MarkStackSize                            = 4194304                                   {product} {ergonomic}
   size_t MaxHeapSize                              = 4240441344                                {product} {ergonomic}
   size_t MaxNewSize                               = 2543845376                                {product} {ergonomic}
   size_t MinHeapDeltaBytes                        = 1048576                                   {product} {ergonomic}
    uintx NonNMethodCodeHeapSize                   = 5836300                                {pd product} {ergonomic}
    uintx NonProfiledCodeHeapSize                  = 122910970                              {pd product} {ergonomic}
    uintx ProfiledCodeHeapSize                     = 122910970                              {pd product} {ergonomic}
    uintx ReservedCodeCacheSize                    = 251658240                              {pd product} {ergonomic}
     bool SegmentedCodeCache                       = true                                      {product} {ergonomic}
     bool UseCompressedClassPointers               = true                                 {lp64_product} {ergonomic}
     bool UseCompressedOops                        = true                                 {lp64_product} {ergonomic}
     bool UseG1GC                                  = true                                      {product} {ergonomic}
     bool UseLargePagesIndividualAllocation        = false                                  {pd product} {ergonomic}

Logging:
Log output configuration:
 #0: stdout all=warning uptime,level,tags
 #1: stderr all=off uptime,level,tags

Environment Variables:
PATH=C:\Python311\Scripts\;C:\Python311\;C:\Program Files\Common Files\Oracle\Java\javapath;C:\Program Files (x86)\Common Files\Oracle\Java\javapath;C:\Windows\system32;C:\Windows;C:\Windows\System32\Wbem;C:\Windows\System32\WindowsPowerShell\v1.0\;C:\Windows\System32\OpenSSH\;C:\Program Files (x86)\NVIDIA Corporation\PhysX\Common;C:\Program Files\NVIDIA Corporation\NVIDIA NvDLISR;C:\Program Files\VDownloader;C:\WINDOWS\system32;C:\WINDOWS;C:\WINDOWS\System32\Wbem;C:\WINDOWS\System32\WindowsPowerShell\v1.0\;C:\WINDOWS\System32\OpenSSH\;D:\aInstalacoes\Git\cmd;D:\aInstalacoes\Tools\cmder\vendor\git-for-windows\bin;D:\aInstalacoes\Tools\cmder\vendor\git-for-windows\usr\bin;C:\Program Files\dotnet\;C:\ProgramData\UNIVALI\Portugol Studio;C:\Program Files (x86)\dotnet\;D:\aInstalacoes\;C:\ProgramData\chocolatey\bin;;C:\Program Files\Docker\Docker\resources\bin;C:\Users\pedro\AppData\Local\Microsoft\WindowsApps;D:\aInstalacoes\Tools\cmder\vendor\git-for-windows\bin;D:\aInstalacoes\Tools\cmder\vendor\git-for-windows\usr\bin;;C:\Users\pedro\AppData\Local\Programs\Hyper\resources\bin;C:\Users\pedro\AppData\Roaming\npm;D:\aInstalacoes\progs\Microsoft VS Code\bin
USERNAME=pedro
OS=Windows_NT
PROCESSOR_IDENTIFIER=Intel64 Family 6 Model 142 Stepping 12, GenuineIntel



---------------  S Y S T E M  ---------------

OS: Windows 10 , 64 bit Build 22621 (10.0.22621.1105)
Hyper-V role detected

CPU:total 8 (initial active 8) (4 cores per cpu, 2 threads per core) family 6 model 142 stepping 12 microcode 0xf0, cmov, cx8, fxsr, mmx, sse, sse2, sse3, ssse3, sse4.1, sse4.2, popcnt, avx, avx2, aes, clmul, erms, 3dnowpref, lzcnt, ht, tsc, tscinvbit, bmi1, bmi2, adx, fma

Memory: 4k page, system-wide physical 16171M (539M free)
TotalPageFile size 65323M (AvailPageFile size 5M)
current process WorkingSet (physical memory assigned to process): 168M, peak: 168M
current process commit charge ("private bytes"): 409M, peak: 410M

vm_info: Java HotSpot(TM) 64-Bit Server VM (11.0.12+8-LTS-237) for windows-amd64 JRE (11.0.12+8-LTS-237), built on Jun  8 2021 11:25:59 by "mach5one" with MS VC++ 15.9 (VS2017)

END.
